<?xml version="1.0" encoding="UTF-8"?>
<testng-results ignored="0" total="1" passed="1" failed="0" skipped="0">
  <reporter-output>
  </reporter-output>
  <suite started-at="2021-05-23T08:59:53 IST" name="Default suite" finished-at="2021-05-23T09:00:25 IST" duration-ms="31335">
    <groups>
    </groups>
    <test started-at="2021-05-23T08:59:53 IST" name="Default test" finished-at="2021-05-23T09:00:25 IST" duration-ms="31335">
      <class name="com.Flipkart.testscripts.FetchingDetailsIphone">
        <test-method is-config="true" signature="configBeforeClass()[pri:0, instance:com.Flipkart.testscripts.FetchingDetailsIphone@44821a96]" started-at="2021-05-23T08:59:53 IST" name="configBeforeClass" finished-at="2021-05-23T08:59:56 IST" duration-ms="2428" status="PASS">
          <reporter-output>
          </reporter-output>
        </test-method> <!-- configBeforeClass -->
        <test-method is-config="true" signature="configBeforeMethod()[pri:0, instance:com.Flipkart.testscripts.FetchingDetailsIphone@44821a96]" started-at="2021-05-23T08:59:56 IST" name="configBeforeMethod" finished-at="2021-05-23T09:00:21 IST" duration-ms="25109" status="PASS">
          <reporter-output>
          </reporter-output>
        </test-method> <!-- configBeforeMethod -->
        <test-method signature="detailsIphone()[pri:0, instance:com.Flipkart.testscripts.FetchingDetailsIphone@44821a96]" started-at="2021-05-23T09:00:21 IST" name="detailsIphone" finished-at="2021-05-23T09:00:25 IST" duration-ms="3747" status="PASS">
          <reporter-output>
          </reporter-output>
        </test-method> <!-- detailsIphone -->
      </class> <!-- com.Flipkart.testscripts.FetchingDetailsIphone -->
    </test> <!-- Default test -->
  </suite> <!-- Default suite -->
</testng-results>
